2023-12-27 17:13:13,846 [Worker-6: Loading available Gradle versions] INFO  o.e.b.c.i.u.g.PublishedGradleVersions - Gradle version information cache is up-to-date. Trying to read.
2023-12-27 17:20:50,390 [Worker-2: Loading available Gradle versions] INFO  o.e.b.c.i.u.g.PublishedGradleVersions - Gradle version information cache is up-to-date. Trying to read.
2023-12-27 17:21:47,298 [Worker-2: Loading available Gradle versions] INFO  o.e.b.c.i.u.g.PublishedGradleVersions - Gradle version information cache is up-to-date. Trying to read.
2023-12-27 17:22:31,073 [Worker-22: Update Maven projects configuration] INFO  o.e.m.c.i.p.ProjectConfigurationManager - Update started
2023-12-27 17:22:31,439 [Worker-22: Update Maven projects configuration] INFO  o.e.m.c.i.l.LifecycleMappingFactory - Using org.eclipse.m2e.jdt.JarLifecycleMapping lifecycle mapping for MavenProject: com.in28minutes.spring:learn-spring-framework:0.0.1-SNAPSHOT @ /Users/anshuvijay/Technical/jpa-with-hibernate-master/00-framework-tool-introductions/01.Spring-Introduction-In-10-Steps/pom.xml.
2023-12-27 17:22:31,767 [Worker-22: Update Maven projects configuration] INFO  o.e.m.j.i.AbstractJavaProjectConfigurator - Adding source folder /01.Spring-Introduction-In-10-Steps/src/main/java
2023-12-27 17:22:31,768 [Worker-22: Update Maven projects configuration] INFO  o.e.m.j.i.AbstractJavaProjectConfigurator - Adding resource folder /01.Spring-Introduction-In-10-Steps/src/main/resources
2023-12-27 17:22:31,769 [Worker-22: Update Maven projects configuration] INFO  o.e.m.j.i.AbstractJavaProjectConfigurator - Adding resource folder /01.Spring-Introduction-In-10-Steps/src/main/resources
2023-12-27 17:22:31,772 [Worker-22: Update Maven projects configuration] INFO  o.e.m.j.i.AbstractJavaProjectConfigurator - Adding source folder /01.Spring-Introduction-In-10-Steps/src/test/java
2023-12-27 17:22:31,970 [Worker-2: Building] INFO  o.e.m.c.i.l.LifecycleMappingFactory - Using org.eclipse.m2e.jdt.JarLifecycleMapping lifecycle mapping for MavenProject: com.in28minutes.database:database-demo:0.0.1-SNAPSHOT @ /Users/anshuvijay/Technical/jpa-with-hibernate-master/01-from-jdbc-to-jpa/pom.xml.
2023-12-27 17:22:32,255 [Worker-2: Building] INFO  o.a.m.s.f.DefaultMavenResourcesFiltering - Copying 1 resource from src/main/resources to target/classes
2023-12-27 17:22:32,265 [Worker-2: Building] INFO  o.a.m.s.f.DefaultMavenResourcesFiltering - Copying 1 resource from src/main/resources to target/classes
2023-12-27 17:22:32,267 [Worker-2: Building] INFO  o.a.m.s.f.DefaultMavenResourcesFiltering - skip non existing resourceDirectory /Users/anshuvijay/Technical/jpa-with-hibernate-master/01-from-jdbc-to-jpa/src/test/resources
2023-12-27 17:22:32,313 [Worker-2: Building] INFO  o.a.m.s.f.DefaultMavenResourcesFiltering - Copying 1 resource from src/main/resources to target/classes
2023-12-27 17:22:32,313 [Worker-2: Building] INFO  o.a.m.s.f.DefaultMavenResourcesFiltering - Copying 0 resource from src/main/resources to target/classes
2023-12-27 17:22:32,314 [Worker-2: Building] INFO  o.a.m.s.f.DefaultMavenResourcesFiltering - skip non existing resourceDirectory /Users/anshuvijay/Technical/jpa-with-hibernate-master/00-framework-tool-introductions/01.Spring-Introduction-In-10-Steps/src/test/resources
2023-12-27 17:22:32,428 [Worker-2: Building] INFO  o.e.m.c.i.l.LifecycleMappingFactory - Using org.eclipse.m2e.jdt.JarLifecycleMapping lifecycle mapping for MavenProject: com.in28minutes.jpa.hibernate:demo:0.0.1-SNAPSHOT @ /Users/anshuvijay/Technical/jpa-with-hibernate-master/02-jpa-advanced/pom.xml.
2023-12-27 17:22:33,917 [Worker-2: Building] INFO  o.e.m.c.i.e.AbstractTransferListenerAdapter - Downloaded https://repo.spring.io/milestone/org/hibernate/hibernate-jcache/6.1.6.Final/hibernate-jcache-6.1.6.Final.pom
2023-12-27 17:22:34,305 [Worker-2: Building] INFO  o.e.m.c.i.e.AbstractTransferListenerAdapter - Downloading https://repo.maven.apache.org/maven2/org/hibernate/hibernate-jcache/6.1.6.Final/hibernate-jcache-6.1.6.Final.pom
2023-12-27 17:22:34,620 [Worker-2: Building] INFO  o.e.m.c.i.e.AbstractTransferListenerAdapter - Downloaded https://repo.maven.apache.org/maven2/org/hibernate/hibernate-jcache/6.1.6.Final/hibernate-jcache-6.1.6.Final.pom
2023-12-27 17:22:34,852 [Worker-2: Building] INFO  o.e.m.c.i.e.AbstractTransferListenerAdapter - Downloaded https://repo.spring.io/milestone/org/hibernate/orm/hibernate-jcache/6.1.6.Final/hibernate-jcache-6.1.6.Final.pom
2023-12-27 17:22:34,865 [Worker-2: Building] INFO  o.e.m.c.i.e.AbstractTransferListenerAdapter - Downloading https://repo.maven.apache.org/maven2/org/hibernate/orm/hibernate-jcache/6.1.6.Final/hibernate-jcache-6.1.6.Final.pom
2023-12-27 17:22:35,186 [Worker-2: Building] INFO  o.e.m.c.i.e.AbstractTransferListenerAdapter - Downloaded https://repo.maven.apache.org/maven2/org/hibernate/orm/hibernate-jcache/6.1.6.Final/hibernate-jcache-6.1.6.Final.pom
2023-12-27 17:22:35,428 [Worker-2: Building] INFO  o.e.m.c.i.e.AbstractTransferListenerAdapter - Downloaded https://repo.spring.io/milestone/javax/cache/cache-api/1.1.1/cache-api-1.1.1.pom
2023-12-27 17:22:35,445 [Worker-2: Building] INFO  o.e.m.c.i.e.AbstractTransferListenerAdapter - Downloading https://repo.maven.apache.org/maven2/javax/cache/cache-api/1.1.1/cache-api-1.1.1.pom
2023-12-27 17:22:35,459 [Worker-2: Building] INFO  o.e.m.c.i.e.AbstractTransferListenerAdapter - Downloaded https://repo.maven.apache.org/maven2/javax/cache/cache-api/1.1.1/cache-api-1.1.1.pom
2023-12-27 17:22:35,776 [Worker-2: Building] INFO  o.e.m.c.i.e.AbstractTransferListenerAdapter - Downloaded https://repo.spring.io/milestone/org/ehcache/ehcache/3.10.6/ehcache-3.10.6.pom
2023-12-27 17:22:35,786 [Worker-2: Building] INFO  o.e.m.c.i.e.AbstractTransferListenerAdapter - Downloading https://repo.maven.apache.org/maven2/org/ehcache/ehcache/3.10.6/ehcache-3.10.6.pom
2023-12-27 17:22:35,799 [Worker-2: Building] INFO  o.e.m.c.i.e.AbstractTransferListenerAdapter - Downloaded https://repo.maven.apache.org/maven2/org/ehcache/ehcache/3.10.6/ehcache-3.10.6.pom
2023-12-27 17:22:35,807 [Worker-2: Building] WARN  o.e.m.c.i.embedder.EclipseLogger - The artifact org.hibernate:hibernate-jcache:jar:6.1.6.Final has been relocated to org.hibernate.orm:hibernate-jcache:jar:6.1.6.Final
2023-12-27 17:22:36,085 [AetherRepositoryConnector-repo.spring.io-0-0] INFO  o.e.m.c.i.e.AbstractTransferListenerAdapter - Downloaded https://repo.spring.io/milestone/org/hibernate/orm/hibernate-jcache/6.1.6.Final/hibernate-jcache-6.1.6.Final.jar
2023-12-27 17:22:37,008 [AetherRepositoryConnector-repo.spring.io-0-2] INFO  o.e.m.c.i.e.AbstractTransferListenerAdapter - Downloaded https://repo.spring.io/milestone/org/ehcache/ehcache/3.10.6/ehcache-3.10.6.jar
2023-12-27 17:22:37,009 [AetherRepositoryConnector-repo.spring.io-0-1] INFO  o.e.m.c.i.e.AbstractTransferListenerAdapter - Downloaded https://repo.spring.io/milestone/javax/cache/cache-api/1.1.1/cache-api-1.1.1.jar
2023-12-27 17:22:37,030 [AetherRepositoryConnector-repo.maven.apache.org-1-1] INFO  o.e.m.c.i.e.AbstractTransferListenerAdapter - Downloading https://repo.maven.apache.org/maven2/javax/cache/cache-api/1.1.1/cache-api-1.1.1.jar
2023-12-27 17:22:37,043 [AetherRepositoryConnector-repo.maven.apache.org-1-0] INFO  o.e.m.c.i.e.AbstractTransferListenerAdapter - Downloading https://repo.maven.apache.org/maven2/org/hibernate/orm/hibernate-jcache/6.1.6.Final/hibernate-jcache-6.1.6.Final.jar
2023-12-27 17:22:37,046 [AetherRepositoryConnector-repo.maven.apache.org-1-2] INFO  o.e.m.c.i.e.AbstractTransferListenerAdapter - Downloading https://repo.maven.apache.org/maven2/org/ehcache/ehcache/3.10.6/ehcache-3.10.6.jar
2023-12-27 17:22:37,121 [AetherRepositoryConnector-repo.maven.apache.org-1-1] INFO  o.e.m.c.i.e.AbstractTransferListenerAdapter - Downloaded https://repo.maven.apache.org/maven2/javax/cache/cache-api/1.1.1/cache-api-1.1.1.jar
2023-12-27 17:22:37,121 [AetherRepositoryConnector-repo.maven.apache.org-1-0] INFO  o.e.m.c.i.e.AbstractTransferListenerAdapter - Downloaded https://repo.maven.apache.org/maven2/org/hibernate/orm/hibernate-jcache/6.1.6.Final/hibernate-jcache-6.1.6.Final.jar
2023-12-27 17:22:37,473 [AetherRepositoryConnector-repo.maven.apache.org-1-2] INFO  o.e.m.c.i.e.AbstractTransferListenerAdapter - Downloaded https://repo.maven.apache.org/maven2/org/ehcache/ehcache/3.10.6/ehcache-3.10.6.jar
2023-12-27 17:22:37,502 [Worker-2: Building] INFO  o.a.m.s.f.DefaultMavenResourcesFiltering - Copying 1 resource from src/main/resources to target/classes
2023-12-27 17:22:37,503 [Worker-2: Building] INFO  o.a.m.s.f.DefaultMavenResourcesFiltering - Copying 1 resource from src/main/resources to target/classes
2023-12-27 17:22:37,505 [Worker-2: Building] INFO  o.a.m.s.f.DefaultMavenResourcesFiltering - skip non existing resourceDirectory /Users/anshuvijay/Technical/jpa-with-hibernate-master/02-jpa-advanced/src/test/resources
2023-12-27 17:22:37,715 [Worker-22: Update Maven projects configuration] INFO  o.e.m.c.i.p.ProjectConfigurationManager - Update completed for 1 poms: local refresh takes 0.00 sec, refresh facades takes 0.00 sec, update config takes 6.00 sec 
2023-12-27 17:22:37,716 [Worker-22: Update Maven projects configuration] INFO  o.e.m.c.i.p.ProjectConfigurationManager - Update started
2023-12-27 17:22:37,839 [Worker-22: Update Maven projects configuration] INFO  o.e.m.c.i.l.LifecycleMappingFactory - Using org.eclipse.m2e.jdt.JarLifecycleMapping lifecycle mapping for MavenProject: com.in28minutes.springboot:learn-spring-boot:0.0.1-SNAPSHOT @ /Users/anshuvijay/Technical/jpa-with-hibernate-master/00-framework-tool-introductions/02.Spring-Boot-Introduction-In-10-Steps/pom.xml.
2023-12-27 17:22:37,872 [Worker-22: Update Maven projects configuration] INFO  o.e.m.c.i.l.LifecycleMappingFactory - Using org.eclipse.m2e.jdt.JarLifecycleMapping lifecycle mapping for MavenProject: com.in28minutes.jpa.hibernate:demo:0.0.1-SNAPSHOT @ /Users/anshuvijay/Technical/jpa-with-hibernate-master/02-jpa-advanced/pom.xml.
2023-12-27 17:22:37,893 [Worker-22: Update Maven projects configuration] WARN  o.e.m.c.i.embedder.EclipseLogger - The artifact org.hibernate:hibernate-jcache:jar:6.1.6.Final has been relocated to org.hibernate.orm:hibernate-jcache:jar:6.1.6.Final
2023-12-27 17:22:37,907 [Worker-22: Update Maven projects configuration] INFO  o.e.m.c.i.l.LifecycleMappingFactory - Using org.eclipse.m2e.jdt.JarLifecycleMapping lifecycle mapping for MavenProject: com.in28minutes.spring:learn-spring-framework:0.0.1-SNAPSHOT @ /Users/anshuvijay/Technical/jpa-with-hibernate-master/00-framework-tool-introductions/01.Spring-Introduction-In-10-Steps/pom.xml.
2023-12-27 17:22:37,917 [Worker-22: Update Maven projects configuration] INFO  o.e.m.c.i.l.LifecycleMappingFactory - Using org.eclipse.m2e.jdt.JarLifecycleMapping lifecycle mapping for MavenProject: com.in28minutes.database:database-demo:0.0.1-SNAPSHOT @ /Users/anshuvijay/Technical/jpa-with-hibernate-master/01-from-jdbc-to-jpa/pom.xml.
2023-12-27 17:22:38,051 [Worker-22: Update Maven projects configuration] INFO  o.e.m.j.i.AbstractJavaProjectConfigurator - Adding source folder /02.Spring-Boot-Introduction-In-10-Steps/src/main/java
2023-12-27 17:22:38,051 [Worker-22: Update Maven projects configuration] INFO  o.e.m.j.i.AbstractJavaProjectConfigurator - Adding resource folder /02.Spring-Boot-Introduction-In-10-Steps/src/main/resources
2023-12-27 17:22:38,052 [Worker-22: Update Maven projects configuration] INFO  o.e.m.j.i.AbstractJavaProjectConfigurator - Adding resource folder /02.Spring-Boot-Introduction-In-10-Steps/src/main/resources
2023-12-27 17:22:38,057 [Worker-22: Update Maven projects configuration] INFO  o.e.m.j.i.AbstractJavaProjectConfigurator - Adding source folder /02.Spring-Boot-Introduction-In-10-Steps/src/test/java
2023-12-27 17:22:38,129 [Worker-22: Update Maven projects configuration] INFO  o.e.m.j.i.AbstractJavaProjectConfigurator - Adding source folder /02-jpa-advanced/src/main/java
2023-12-27 17:22:38,129 [Worker-22: Update Maven projects configuration] INFO  o.e.m.j.i.AbstractJavaProjectConfigurator - Adding resource folder /02-jpa-advanced/src/main/resources
2023-12-27 17:22:38,130 [Worker-22: Update Maven projects configuration] INFO  o.e.m.j.i.AbstractJavaProjectConfigurator - Adding resource folder /02-jpa-advanced/src/main/resources
2023-12-27 17:22:38,131 [Worker-22: Update Maven projects configuration] INFO  o.e.m.j.i.AbstractJavaProjectConfigurator - Adding source folder /02-jpa-advanced/src/test/java
2023-12-27 17:22:38,202 [Worker-22: Update Maven projects configuration] INFO  o.e.m.j.i.AbstractJavaProjectConfigurator - Adding source folder /01.Spring-Introduction-In-10-Steps/src/main/java
2023-12-27 17:22:38,202 [Worker-22: Update Maven projects configuration] INFO  o.e.m.j.i.AbstractJavaProjectConfigurator - Adding resource folder /01.Spring-Introduction-In-10-Steps/src/main/resources
2023-12-27 17:22:38,203 [Worker-22: Update Maven projects configuration] INFO  o.e.m.j.i.AbstractJavaProjectConfigurator - Adding resource folder /01.Spring-Introduction-In-10-Steps/src/main/resources
2023-12-27 17:22:38,204 [Worker-22: Update Maven projects configuration] INFO  o.e.m.j.i.AbstractJavaProjectConfigurator - Adding source folder /01.Spring-Introduction-In-10-Steps/src/test/java
2023-12-27 17:22:38,239 [Worker-22: Update Maven projects configuration] INFO  o.e.m.j.i.AbstractJavaProjectConfigurator - Adding source folder /01-from-jdbc-to-jpa/src/main/java
2023-12-27 17:22:38,239 [Worker-22: Update Maven projects configuration] INFO  o.e.m.j.i.AbstractJavaProjectConfigurator - Adding resource folder /01-from-jdbc-to-jpa/src/main/resources
2023-12-27 17:22:38,240 [Worker-22: Update Maven projects configuration] INFO  o.e.m.j.i.AbstractJavaProjectConfigurator - Adding resource folder /01-from-jdbc-to-jpa/src/main/resources
2023-12-27 17:22:38,241 [Worker-22: Update Maven projects configuration] INFO  o.e.m.j.i.AbstractJavaProjectConfigurator - Adding source folder /01-from-jdbc-to-jpa/src/test/java
2023-12-27 17:22:38,282 [Worker-22: Update Maven projects configuration] INFO  o.e.m.c.i.p.ProjectConfigurationManager - Update completed for 4 poms: local refresh takes 0.00 sec, refresh facades takes 0.00 sec, update config takes 0.00 sec 
2023-12-27 17:22:38,598 [Worker-17: Building] INFO  o.a.m.s.f.DefaultMavenResourcesFiltering - Copying 1 resource from src/main/resources to target/classes
2023-12-27 17:22:38,603 [Worker-17: Building] INFO  o.a.m.s.f.DefaultMavenResourcesFiltering - Copying 1 resource from src/main/resources to target/classes
2023-12-27 17:22:38,604 [Worker-17: Building] INFO  o.a.m.s.f.DefaultMavenResourcesFiltering - skip non existing resourceDirectory /Users/anshuvijay/Technical/jpa-with-hibernate-master/01-from-jdbc-to-jpa/src/test/resources
2023-12-27 17:22:38,705 [Worker-17: Building] INFO  o.a.m.s.f.DefaultMavenResourcesFiltering - Copying 1 resource from src/main/resources to target/classes
2023-12-27 17:22:38,705 [Worker-17: Building] INFO  o.a.m.s.f.DefaultMavenResourcesFiltering - Copying 0 resource from src/main/resources to target/classes
2023-12-27 17:22:38,706 [Worker-17: Building] INFO  o.a.m.s.f.DefaultMavenResourcesFiltering - skip non existing resourceDirectory /Users/anshuvijay/Technical/jpa-with-hibernate-master/00-framework-tool-introductions/01.Spring-Introduction-In-10-Steps/src/test/resources
2023-12-27 17:22:38,854 [Worker-17: Building] INFO  o.a.m.s.f.DefaultMavenResourcesFiltering - Copying 1 resource from src/main/resources to target/classes
2023-12-27 17:22:38,854 [Worker-17: Building] INFO  o.a.m.s.f.DefaultMavenResourcesFiltering - Copying 1 resource from src/main/resources to target/classes
2023-12-27 17:22:38,855 [Worker-17: Building] INFO  o.a.m.s.f.DefaultMavenResourcesFiltering - skip non existing resourceDirectory /Users/anshuvijay/Technical/jpa-with-hibernate-master/02-jpa-advanced/src/test/resources
2023-12-27 17:22:38,889 [Worker-17: Building] INFO  o.a.m.s.f.DefaultMavenResourcesFiltering - Copying 3 resources from src/main/resources to target/classes
2023-12-27 17:22:38,890 [Worker-17: Building] INFO  o.a.m.s.f.DefaultMavenResourcesFiltering - Copying 0 resource from src/main/resources to target/classes
2023-12-27 17:22:38,891 [Worker-17: Building] INFO  o.a.m.s.f.DefaultMavenResourcesFiltering - skip non existing resourceDirectory /Users/anshuvijay/Technical/jpa-with-hibernate-master/00-framework-tool-introductions/02.Spring-Boot-Introduction-In-10-Steps/src/test/resources
2023-12-27 17:22:39,669 [Worker-12: Download sources and javadoc] INFO  o.e.m.c.i.e.AbstractTransferListenerAdapter - Downloaded https://repo.spring.io/milestone/org/hibernate/orm/hibernate-jcache/6.1.6.Final/hibernate-jcache-6.1.6.Final-sources.jar
2023-12-27 17:22:39,967 [Worker-12: Download sources and javadoc] INFO  o.e.m.c.i.e.AbstractTransferListenerAdapter - Downloading https://repo.maven.apache.org/maven2/org/hibernate/orm/hibernate-jcache/6.1.6.Final/hibernate-jcache-6.1.6.Final-sources.jar
2023-12-27 17:22:39,980 [Worker-12: Download sources and javadoc] INFO  o.e.m.c.i.e.AbstractTransferListenerAdapter - Downloaded https://repo.maven.apache.org/maven2/org/hibernate/orm/hibernate-jcache/6.1.6.Final/hibernate-jcache-6.1.6.Final-sources.jar
2023-12-27 17:22:39,981 [Worker-12: Download sources and javadoc] INFO  o.e.m.j.internal.DownloadSourcesJob - Downloaded sources for org.hibernate.orm:hibernate-jcache:6.1.6.Final
2023-12-27 17:22:41,203 [Worker-12: Download sources and javadoc] INFO  o.e.m.c.i.e.AbstractTransferListenerAdapter - Downloaded https://repo.spring.io/milestone/javax/cache/cache-api/1.1.1/cache-api-1.1.1-sources.jar
2023-12-27 17:22:41,260 [Worker-12: Download sources and javadoc] INFO  o.e.m.c.i.e.AbstractTransferListenerAdapter - Downloading https://repo.maven.apache.org/maven2/javax/cache/cache-api/1.1.1/cache-api-1.1.1-sources.jar
2023-12-27 17:22:41,303 [Worker-12: Download sources and javadoc] INFO  o.e.m.c.i.e.AbstractTransferListenerAdapter - Downloaded https://repo.maven.apache.org/maven2/javax/cache/cache-api/1.1.1/cache-api-1.1.1-sources.jar
2023-12-27 17:22:41,304 [Worker-12: Download sources and javadoc] INFO  o.e.m.j.internal.DownloadSourcesJob - Downloaded sources for javax.cache:cache-api:1.1.1
2023-12-27 17:22:42,535 [Worker-12: Download sources and javadoc] INFO  o.e.m.c.i.e.AbstractTransferListenerAdapter - Downloaded https://repo.spring.io/milestone/org/ehcache/ehcache/3.10.6/ehcache-3.10.6-sources.jar
2023-12-27 17:22:42,621 [Worker-12: Download sources and javadoc] INFO  o.e.m.c.i.e.AbstractTransferListenerAdapter - Downloading https://repo.maven.apache.org/maven2/org/ehcache/ehcache/3.10.6/ehcache-3.10.6-sources.jar
2023-12-27 17:22:43,152 [Worker-12: Download sources and javadoc] INFO  o.e.m.c.i.e.AbstractTransferListenerAdapter - Downloaded https://repo.maven.apache.org/maven2/org/ehcache/ehcache/3.10.6/ehcache-3.10.6-sources.jar
2023-12-27 17:22:43,155 [Worker-12: Download sources and javadoc] INFO  o.e.m.j.internal.DownloadSourcesJob - Downloaded sources for org.ehcache:ehcache:3.10.6
2023-12-27 17:33:42,707 [Worker-2: Loading available Gradle versions] INFO  o.e.b.c.i.u.g.PublishedGradleVersions - Gradle version information cache is up-to-date. Trying to read.
