2023-11-24 21:42:19,024 [Worker-6: Loading available Gradle versions] INFO  o.e.b.c.i.u.g.PublishedGradleVersions - Gradle version information cache is up-to-date. Trying to read.
2023-11-25 14:29:02,843 [Worker-2: Loading available Gradle versions] INFO  o.e.b.c.i.u.g.PublishedGradleVersions - Gradle version information cache is up-to-date. Trying to read.
2023-12-16 22:44:42,019 [Worker-2: Loading available Gradle versions] INFO  o.e.b.c.i.u.g.PublishedGradleVersions - Gradle version information cache is up-to-date. Trying to read.
2023-12-26 21:40:22,400 [Worker-7: Loading available Gradle versions] INFO  o.e.b.c.i.u.g.PublishedGradleVersions - Gradle version information cache is out-of-date. Trying to update.
2023-12-29 17:19:23,349 [Worker-5: Loading available Gradle versions] INFO  o.e.b.c.i.u.g.PublishedGradleVersions - Gradle version information cache is up-to-date. Trying to read.
2023-12-29 17:20:35,084 [Worker-2: Loading available Gradle versions] INFO  o.e.b.c.i.u.g.PublishedGradleVersions - Gradle version information cache is up-to-date. Trying to read.
2023-12-29 17:21:00,049 [Worker-15: Building] INFO  o.e.m.c.i.l.LifecycleMappingFactory - Using org.eclipse.m2e.jdt.JarLifecycleMapping lifecycle mapping for MavenProject: com.in28minutes.database:database-demo:0.0.1-SNAPSHOT @ /Users/anshuvijay/Technical/Java/jpa-with-hibernate-master/01-from-jdbc-to-jpa/pom.xml.
2023-12-29 17:21:00,424 [Worker-15: Building] INFO  o.a.m.s.f.DefaultMavenResourcesFiltering - Copying 1 resource from src/main/resources to target/classes
2023-12-29 17:21:00,430 [Worker-15: Building] INFO  o.a.m.s.f.DefaultMavenResourcesFiltering - Copying 1 resource from src/main/resources to target/classes
2023-12-29 17:21:00,433 [Worker-15: Building] INFO  o.a.m.s.f.DefaultMavenResourcesFiltering - skip non existing resourceDirectory /Users/anshuvijay/Technical/Java/jpa-with-hibernate-master/01-from-jdbc-to-jpa/src/test/resources
2023-12-29 17:21:00,780 [Worker-12: Building] INFO  o.e.m.c.i.l.LifecycleMappingFactory - Using org.eclipse.m2e.jdt.JarLifecycleMapping lifecycle mapping for MavenProject: com.in28minutes.spring:learn-spring-framework:0.0.1-SNAPSHOT @ /Users/anshuvijay/Technical/Java/jpa-with-hibernate-master/00-framework-tool-introductions/01.Spring-Introduction-In-10-Steps/pom.xml.
2023-12-29 17:21:00,915 [Worker-12: Building] INFO  o.a.m.s.f.DefaultMavenResourcesFiltering - Copying 1 resource from src/main/resources to target/classes
2023-12-29 17:21:00,916 [Worker-12: Building] INFO  o.a.m.s.f.DefaultMavenResourcesFiltering - Copying 0 resource from src/main/resources to target/classes
2023-12-29 17:21:00,917 [Worker-12: Building] INFO  o.a.m.s.f.DefaultMavenResourcesFiltering - skip non existing resourceDirectory /Users/anshuvijay/Technical/Java/jpa-with-hibernate-master/00-framework-tool-introductions/01.Spring-Introduction-In-10-Steps/src/test/resources
2023-12-29 17:21:01,071 [Worker-12: Building] INFO  o.e.m.c.i.l.LifecycleMappingFactory - Using org.eclipse.m2e.jdt.JarLifecycleMapping lifecycle mapping for MavenProject: com.in28minutes.jpa.hibernate:demo:0.0.1-SNAPSHOT @ /Users/anshuvijay/Technical/Java/jpa-with-hibernate-master/02-jpa-advanced/pom.xml.
2023-12-29 17:21:01,132 [Worker-12: Building] WARN  o.e.m.c.i.embedder.EclipseLogger - The artifact org.hibernate:hibernate-jcache:jar:6.1.6.Final has been relocated to org.hibernate.orm:hibernate-jcache:jar:6.1.6.Final
2023-12-29 17:21:01,192 [Worker-12: Building] INFO  o.a.m.s.f.DefaultMavenResourcesFiltering - Copying 1 resource from src/main/resources to target/classes
2023-12-29 17:21:01,193 [Worker-12: Building] INFO  o.a.m.s.f.DefaultMavenResourcesFiltering - Copying 1 resource from src/main/resources to target/classes
2023-12-29 17:21:01,195 [Worker-12: Building] INFO  o.a.m.s.f.DefaultMavenResourcesFiltering - skip non existing resourceDirectory /Users/anshuvijay/Technical/Java/jpa-with-hibernate-master/02-jpa-advanced/src/test/resources
2023-12-29 17:21:01,573 [Worker-20: Building] INFO  o.e.m.c.i.l.LifecycleMappingFactory - Using org.eclipse.m2e.jdt.JarLifecycleMapping lifecycle mapping for MavenProject: com.in28minutes.springboot:learn-spring-boot:0.0.1-SNAPSHOT @ /Users/anshuvijay/Technical/Java/jpa-with-hibernate-master/00-framework-tool-introductions/02.Spring-Boot-Introduction-In-10-Steps/pom.xml.
2023-12-29 17:21:01,639 [Worker-20: Building] INFO  o.a.m.s.f.DefaultMavenResourcesFiltering - Copying 3 resources from src/main/resources to target/classes
2023-12-29 17:21:01,641 [Worker-20: Building] INFO  o.a.m.s.f.DefaultMavenResourcesFiltering - Copying 0 resource from src/main/resources to target/classes
2023-12-29 17:21:01,642 [Worker-20: Building] INFO  o.a.m.s.f.DefaultMavenResourcesFiltering - skip non existing resourceDirectory /Users/anshuvijay/Technical/Java/jpa-with-hibernate-master/00-framework-tool-introductions/02.Spring-Boot-Introduction-In-10-Steps/src/test/resources
